\BOOKMARK [1][-]{section.1}{Soups and stews}{}% 1
\BOOKMARK [2][-]{subsection.1.1}{Goulash}{section.1}% 2
\BOOKMARK [3][-]{subsubsection.1.1.1}{Ingredients}{subsection.1.1}% 3
\BOOKMARK [3][-]{subsubsection.1.1.2}{Procedure}{subsection.1.1}% 4
\BOOKMARK [2][-]{subsection.1.2}{Perkelt}{section.1}% 5
\BOOKMARK [3][-]{subsubsection.1.2.1}{Ingredients}{subsection.1.2}% 6
\BOOKMARK [3][-]{subsubsection.1.2.2}{Procedure}{subsection.1.2}% 7
\BOOKMARK [1][-]{section.2}{Breads}{}% 8
\BOOKMARK [2][-]{subsection.2.1}{Czech Bread}{section.2}% 9
\BOOKMARK [3][-]{subsubsection.2.1.1}{Ingredients}{subsection.2.1}% 10
\BOOKMARK [3][-]{subsubsection.2.1.2}{Procedure}{subsection.2.1}% 11
\BOOKMARK [2][-]{subsection.2.2}{Focaccia}{section.2}% 12
\BOOKMARK [3][-]{subsubsection.2.2.1}{Ingredients}{subsection.2.2}% 13
\BOOKMARK [3][-]{subsubsection.2.2.2}{Procedure}{subsection.2.2}% 14
\BOOKMARK [1][-]{section.3}{Potato dishes}{}% 15
\BOOKMARK [2][-]{subsection.3.1}{Halusky}{section.3}% 16
\BOOKMARK [3][-]{subsubsection.3.1.1}{Ingredients}{subsection.3.1}% 17
\BOOKMARK [3][-]{subsubsection.3.1.2}{Procedure}{subsection.3.1}% 18
\BOOKMARK [2][-]{subsection.3.2}{Bryndzove halusky}{section.3}% 19
\BOOKMARK [3][-]{subsubsection.3.2.1}{Ingredients}{subsection.3.2}% 20
\BOOKMARK [3][-]{subsubsection.3.2.2}{Procedure}{subsection.3.2}% 21
